mode: set
github.com/hexiaopi/data-space/internal/app/app.go:9.18,16.69 3 0
github.com/hexiaopi/data-space/internal/app/app.go:16.69,18.3 1 0
github.com/hexiaopi/data-space/internal/app/app.go:19.2,19.12 1 0
github.com/hexiaopi/data-space/internal/config/config.go:16.30,18.16 2 0
github.com/hexiaopi/data-space/internal/config/config.go:18.16,20.3 1 0
github.com/hexiaopi/data-space/internal/config/config.go:21.2,22.52 2 0
github.com/hexiaopi/data-space/internal/config/config.go:22.52,24.3 1 0
github.com/hexiaopi/data-space/internal/config/config.go:25.2,27.16 3 0
github.com/hexiaopi/data-space/internal/config/config.go:27.16,29.3 1 0
github.com/hexiaopi/data-space/internal/config/config.go:30.2,33.12 4 0
github.com/hexiaopi/data-space/internal/config/config.go:36.14,39.2 2 0
github.com/hexiaopi/data-space/internal/config/db.go:26.53,40.2 2 0
github.com/hexiaopi/data-space/internal/config/jwt.go:17.27,19.2 1 0
github.com/hexiaopi/data-space/cmd/root.go:13.47,15.3 1 0
github.com/hexiaopi/data-space/cmd/root.go:18.13,19.48 1 0
github.com/hexiaopi/data-space/cmd/root.go:19.48,20.13 1 0
github.com/hexiaopi/data-space/cmd/root.go:22.2,23.42 2 0
github.com/hexiaopi/data-space/cmd/root.go:23.42,24.13 1 0
github.com/hexiaopi/data-space/internal/router/router.go:30.53,31.32 1 0
github.com/hexiaopi/data-space/internal/router/router.go:31.32,36.17 5 0
github.com/hexiaopi/data-space/internal/router/router.go:36.17,38.29 2 0
github.com/hexiaopi/data-space/internal/router/router.go:38.29,41.5 2 0
github.com/hexiaopi/data-space/internal/router/router.go:41.10,43.5 1 0
github.com/hexiaopi/data-space/internal/router/router.go:44.9,46.4 1 0
github.com/hexiaopi/data-space/internal/router/router.go:47.3,48.36 2 0
github.com/hexiaopi/data-space/internal/router/router.go:52.31,92.2 26 0
github.com/hexiaopi/data-space/internal/router/api/v1/menu.go:14.61,18.2 1 0
github.com/hexiaopi/data-space/internal/router/api/v1/menu.go:20.70,24.2 3 0
github.com/hexiaopi/data-space/internal/router/api/v1/user.go:14.61,18.2 1 0
github.com/hexiaopi/data-space/internal/router/api/v1/user.go:20.71,22.49 2 0
github.com/hexiaopi/data-space/internal/router/api/v1/user.go:22.49,24.3 1 0
github.com/hexiaopi/data-space/internal/router/api/v1/user.go:25.2,26.16 2 0
github.com/hexiaopi/data-space/internal/router/api/v1/user.go:26.16,28.3 1 0
github.com/hexiaopi/data-space/internal/router/api/v1/user.go:29.2,29.17 1 0
github.com/hexiaopi/data-space/internal/router/api/v1/user.go:32.72,34.2 1 0
github.com/hexiaopi/data-space/internal/router/api/v1/user.go:36.70,38.16 2 0
github.com/hexiaopi/data-space/internal/router/api/v1/user.go:38.16,40.3 1 0
github.com/hexiaopi/data-space/internal/router/api/v1/user.go:41.2,41.17 1 0
github.com/hexiaopi/data-space/internal/router/api/v1/user.go:44.72,46.49 2 0
github.com/hexiaopi/data-space/internal/router/api/v1/user.go:46.49,48.3 1 0
github.com/hexiaopi/data-space/internal/router/api/v1/user.go:49.2,50.16 2 0
github.com/hexiaopi/data-space/internal/router/api/v1/user.go:50.16,52.3 1 0
github.com/hexiaopi/data-space/internal/router/api/v1/user.go:53.2,53.17 1 0
github.com/hexiaopi/data-space/internal/router/api/v1/user.go:56.72,58.49 2 0
github.com/hexiaopi/data-space/internal/router/api/v1/user.go:58.49,60.3 1 0
github.com/hexiaopi/data-space/internal/router/api/v1/user.go:61.2,62.16 2 0
github.com/hexiaopi/data-space/internal/router/api/v1/user.go:62.16,64.3 1 0
github.com/hexiaopi/data-space/internal/router/api/v1/user.go:65.2,65.17 1 0
github.com/hexiaopi/data-space/internal/router/api/v1/user.go:68.72,70.49 2 0
github.com/hexiaopi/data-space/internal/router/api/v1/user.go:70.49,72.3 1 0
github.com/hexiaopi/data-space/internal/router/api/v1/user.go:73.2,74.16 2 0
github.com/hexiaopi/data-space/internal/router/api/v1/user.go:74.16,76.3 1 0
github.com/hexiaopi/data-space/internal/router/api/v1/user.go:77.2,77.17 1 0
github.com/hexiaopi/data-space/internal/router/api/v1/user.go:80.70,82.49 2 0
github.com/hexiaopi/data-space/internal/router/api/v1/user.go:82.49,84.3 1 0
github.com/hexiaopi/data-space/internal/router/api/v1/user.go:85.2,86.16 2 0
github.com/hexiaopi/data-space/internal/router/api/v1/user.go:86.16,88.3 1 0
github.com/hexiaopi/data-space/internal/router/api/v1/user.go:89.2,89.17 1 0
github.com/hexiaopi/data-space/internal/middleware/cors.go:9.29,10.30 1 0
github.com/hexiaopi/data-space/internal/middleware/cors.go:10.30,18.26 8 0
github.com/hexiaopi/data-space/internal/middleware/cors.go:18.26,20.4 1 0
github.com/hexiaopi/data-space/internal/middleware/cors.go:21.3,21.11 1 0
github.com/hexiaopi/data-space/internal/middleware/jwt.go:14.64,15.30 1 0
github.com/hexiaopi/data-space/internal/middleware/jwt.go:15.30,16.34 1 0
github.com/hexiaopi/data-space/internal/middleware/jwt.go:16.34,19.4 2 0
github.com/hexiaopi/data-space/internal/middleware/jwt.go:20.3,21.17 2 0
github.com/hexiaopi/data-space/internal/middleware/jwt.go:21.17,24.4 2 0
github.com/hexiaopi/data-space/internal/middleware/jwt.go:25.3,26.46 2 0
github.com/hexiaopi/data-space/internal/middleware/jwt.go:26.46,29.4 2 0
github.com/hexiaopi/data-space/internal/middleware/jwt.go:30.3,31.17 2 0
github.com/hexiaopi/data-space/internal/middleware/jwt.go:31.17,35.4 3 0
github.com/hexiaopi/data-space/internal/middleware/jwt.go:35.9,39.4 3 0
github.com/hexiaopi/data-space/internal/middleware/metrics.go:32.32,33.30 1 0
github.com/hexiaopi/data-space/internal/middleware/metrics.go:33.30,37.16 4 0
github.com/hexiaopi/data-space/internal/middleware/metrics.go:37.16,39.4 1 0
github.com/hexiaopi/data-space/internal/middleware/metrics.go:40.3,45.85 6 0
github.com/hexiaopi/data-space/internal/middleware/middleware.go:16.55,17.37 1 0
github.com/hexiaopi/data-space/internal/middleware/middleware.go:17.37,20.34 3 0
github.com/hexiaopi/data-space/internal/middleware/middleware.go:20.34,22.47 2 0
github.com/hexiaopi/data-space/internal/middleware/middleware.go:22.47,24.5 1 0
github.com/hexiaopi/data-space/internal/middleware/middleware.go:26.3,26.15 1 0
github.com/hexiaopi/data-space/internal/middleware/middleware.go:30.56,31.37 1 0
github.com/hexiaopi/data-space/internal/middleware/middleware.go:31.37,33.34 2 0
github.com/hexiaopi/data-space/internal/middleware/middleware.go:33.34,34.38 1 0
github.com/hexiaopi/data-space/internal/middleware/middleware.go:34.38,36.5 1 0
github.com/hexiaopi/data-space/internal/middleware/middleware.go:38.3,38.15 1 0
github.com/hexiaopi/data-space/internal/middleware/middleware.go:42.64,43.35 1 0
github.com/hexiaopi/data-space/internal/middleware/middleware.go:43.35,44.17 1 0
github.com/hexiaopi/data-space/internal/middleware/middleware.go:44.17,46.4 1 0
github.com/hexiaopi/data-space/internal/middleware/middleware.go:48.2,48.14 1 0
github.com/hexiaopi/data-space/internal/middleware/middleware.go:51.47,55.28 4 0
github.com/hexiaopi/data-space/internal/middleware/middleware.go:55.28,57.3 1 0
github.com/hexiaopi/data-space/internal/middleware/middleware.go:58.2,60.13 3 0
github.com/hexiaopi/data-space/internal/middleware/recovery.go:10.33,11.30 1 0
github.com/hexiaopi/data-space/internal/middleware/recovery.go:11.30,12.16 1 0
github.com/hexiaopi/data-space/internal/middleware/recovery.go:12.16,13.36 1 0
github.com/hexiaopi/data-space/internal/middleware/recovery.go:13.36,17.5 3 0
github.com/hexiaopi/data-space/internal/middleware/recovery.go:19.3,19.11 1 0
github.com/hexiaopi/data-space/internal/model/menu.go:20.32,22.2 1 0
github.com/hexiaopi/data-space/internal/model/role.go:13.32,15.2 1 0
github.com/hexiaopi/data-space/internal/model/user.go:19.32,21.2 1 0
github.com/hexiaopi/data-space/internal/model/user.go:23.40,25.16 2 0
github.com/hexiaopi/data-space/internal/model/user.go:25.16,27.3 1 0
github.com/hexiaopi/data-space/internal/model/user.go:28.2,29.12 2 0
github.com/hexiaopi/data-space/internal/model/user.go:32.55,34.2 1 0
github.com/hexiaopi/data-space/internal/model/user_role.go:12.36,14.2 1 0
github.com/hexiaopi/data-space/internal/router/api/api.go:11.58,14.2 2 0
github.com/hexiaopi/data-space/internal/router/api/api.go:16.60,18.2 1 0
github.com/hexiaopi/data-space/internal/store/mock_store.go:27.59,31.2 3 0
github.com/hexiaopi/data-space/internal/store/mock_store.go:34.57,36.2 1 0
github.com/hexiaopi/data-space/internal/store/mock_store.go:39.37,44.2 4 0
github.com/hexiaopi/data-space/internal/store/mock_store.go:47.57,50.2 2 0
github.com/hexiaopi/data-space/internal/store/mock_store.go:53.41,58.2 4 0
github.com/hexiaopi/data-space/internal/store/mock_store.go:61.57,64.2 2 0
github.com/hexiaopi/data-space/internal/store/mock_store.go:67.41,72.2 4 0
github.com/hexiaopi/data-space/internal/store/mock_store.go:75.57,78.2 2 0
github.com/hexiaopi/data-space/internal/store/mock_store.go:81.97,86.2 4 0
github.com/hexiaopi/data-space/internal/store/mock_store.go:89.76,92.2 2 0
github.com/hexiaopi/data-space/internal/store/mock_store.go:95.41,100.2 4 0
github.com/hexiaopi/data-space/internal/store/mock_store.go:103.57,106.2 2 0
github.com/hexiaopi/data-space/internal/store/mock_store.go:120.63,124.2 3 0
github.com/hexiaopi/data-space/internal/store/mock_store.go:127.61,129.2 1 0
github.com/hexiaopi/data-space/internal/store/mock_store.go:132.88,135.25 3 0
github.com/hexiaopi/data-space/internal/store/mock_store.go:135.25,137.3 1 0
github.com/hexiaopi/data-space/internal/store/mock_store.go:138.2,141.19 4 0
github.com/hexiaopi/data-space/internal/store/mock_store.go:145.94,149.2 3 0
github.com/hexiaopi/data-space/internal/store/mock_store.go:163.63,167.2 3 0
github.com/hexiaopi/data-space/internal/store/mock_store.go:170.61,172.2 1 0
github.com/hexiaopi/data-space/internal/store/mock_store.go:175.84,178.25 3 0
github.com/hexiaopi/data-space/internal/store/mock_store.go:178.25,180.3 1 0
github.com/hexiaopi/data-space/internal/store/mock_store.go:181.2,184.19 4 0
github.com/hexiaopi/data-space/internal/store/mock_store.go:188.96,192.2 3 0
github.com/hexiaopi/data-space/internal/store/mock_store.go:195.78,200.2 4 0
github.com/hexiaopi/data-space/internal/store/mock_store.go:203.82,206.2 2 0
github.com/hexiaopi/data-space/internal/store/mock_store.go:209.72,214.2 4 0
github.com/hexiaopi/data-space/internal/store/mock_store.go:217.82,220.2 2 0
github.com/hexiaopi/data-space/internal/store/mock_store.go:223.88,226.25 3 0
github.com/hexiaopi/data-space/internal/store/mock_store.go:226.25,228.3 1 0
github.com/hexiaopi/data-space/internal/store/mock_store.go:229.2,232.19 4 0
github.com/hexiaopi/data-space/internal/store/mock_store.go:236.94,240.2 3 0
github.com/hexiaopi/data-space/internal/store/mock_store.go:243.90,246.25 3 0
github.com/hexiaopi/data-space/internal/store/mock_store.go:246.25,248.3 1 0
github.com/hexiaopi/data-space/internal/store/mock_store.go:249.2,252.19 4 0
github.com/hexiaopi/data-space/internal/store/mock_store.go:256.95,260.2 3 0
github.com/hexiaopi/data-space/internal/store/mock_store.go:263.111,266.25 3 0
github.com/hexiaopi/data-space/internal/store/mock_store.go:266.25,268.3 1 0
github.com/hexiaopi/data-space/internal/store/mock_store.go:269.2,272.19 4 0
github.com/hexiaopi/data-space/internal/store/mock_store.go:276.110,280.2 3 0
github.com/hexiaopi/data-space/internal/store/mock_store.go:283.78,288.2 4 0
github.com/hexiaopi/data-space/internal/store/mock_store.go:291.82,294.2 2 0
github.com/hexiaopi/data-space/internal/store/mock_store.go:308.63,312.2 3 0
github.com/hexiaopi/data-space/internal/store/mock_store.go:315.61,317.2 1 0
github.com/hexiaopi/data-space/internal/store/mock_store.go:320.111,323.25 3 0
github.com/hexiaopi/data-space/internal/store/mock_store.go:323.25,325.3 1 0
github.com/hexiaopi/data-space/internal/store/mock_store.go:326.2,329.19 4 0
github.com/hexiaopi/data-space/internal/store/mock_store.go:333.110,337.2 3 0
github.com/hexiaopi/data-space/internal/store/store.go:22.23,24.2 1 0
github.com/hexiaopi/data-space/internal/store/store.go:26.27,28.2 1 0
github.com/hexiaopi/data-space/internal/entity/menu.go:26.28,28.35 2 1
github.com/hexiaopi/data-space/internal/entity/menu.go:28.35,30.3 1 1
github.com/hexiaopi/data-space/internal/entity/menu.go:33.36,47.2 1 1
github.com/hexiaopi/data-space/internal/entity/menu.go:49.51,53.29 3 1
github.com/hexiaopi/data-space/internal/entity/menu.go:53.29,55.25 2 1
github.com/hexiaopi/data-space/internal/entity/menu.go:55.25,57.4 1 1
github.com/hexiaopi/data-space/internal/entity/menu.go:59.2,59.31 1 1
github.com/hexiaopi/data-space/internal/entity/menu.go:59.31,60.51 1 1
github.com/hexiaopi/data-space/internal/entity/menu.go:60.51,62.4 1 1
github.com/hexiaopi/data-space/internal/entity/menu.go:64.2,64.17 1 1
github.com/hexiaopi/data-space/internal/entity/response.go:16.60,19.27 3 0
github.com/hexiaopi/data-space/internal/entity/response.go:19.27,21.3 1 0
github.com/hexiaopi/data-space/internal/entity/response.go:22.2,23.22 2 0
github.com/hexiaopi/data-space/internal/entity/response.go:26.67,33.2 3 0
github.com/hexiaopi/data-space/internal/model/menu.go:20.32,22.2 1 0
github.com/hexiaopi/data-space/internal/model/role.go:13.32,15.2 1 0
github.com/hexiaopi/data-space/internal/model/user.go:19.32,21.2 1 0
github.com/hexiaopi/data-space/internal/model/user.go:23.40,25.16 2 0
github.com/hexiaopi/data-space/internal/model/user.go:25.16,27.3 1 0
github.com/hexiaopi/data-space/internal/model/user.go:28.2,29.12 2 0
github.com/hexiaopi/data-space/internal/model/user.go:32.55,34.2 1 0
github.com/hexiaopi/data-space/internal/model/user_role.go:12.36,14.2 1 0
github.com/hexiaopi/data-space/pkg/retcode/retcode.go:21.42,22.30 1 1
github.com/hexiaopi/data-space/pkg/retcode/retcode.go:22.30,23.68 1 0
github.com/hexiaopi/data-space/pkg/retcode/retcode.go:25.2,26.41 2 1
github.com/hexiaopi/data-space/pkg/retcode/retcode.go:29.35,32.2 2 0
github.com/hexiaopi/data-space/pkg/retcode/retcode.go:34.34,36.2 1 0
github.com/hexiaopi/data-space/internal/model/menu.go:20.32,22.2 1 0
github.com/hexiaopi/data-space/internal/model/role.go:13.32,15.2 1 0
github.com/hexiaopi/data-space/internal/model/user.go:19.32,21.2 1 0
github.com/hexiaopi/data-space/internal/model/user.go:23.40,25.16 2 0
github.com/hexiaopi/data-space/internal/model/user.go:25.16,27.3 1 0
github.com/hexiaopi/data-space/internal/model/user.go:28.2,29.12 2 0
github.com/hexiaopi/data-space/internal/model/user.go:32.55,34.2 1 1
github.com/hexiaopi/data-space/internal/model/user_role.go:12.36,14.2 1 0
github.com/hexiaopi/data-space/internal/service/menu.go:20.76,25.2 1 0
github.com/hexiaopi/data-space/internal/service/menu.go:33.102,37.16 4 0
github.com/hexiaopi/data-space/internal/service/menu.go:37.16,40.3 2 0
github.com/hexiaopi/data-space/internal/service/menu.go:41.2,42.16 2 0
github.com/hexiaopi/data-space/internal/service/menu.go:42.16,45.3 2 0
github.com/hexiaopi/data-space/internal/service/menu.go:46.2,46.21 1 0
github.com/hexiaopi/data-space/internal/service/menu.go:46.21,48.3 1 0
github.com/hexiaopi/data-space/internal/service/menu.go:49.2,50.16 2 0
github.com/hexiaopi/data-space/internal/service/menu.go:50.16,53.3 2 0
github.com/hexiaopi/data-space/internal/service/menu.go:54.2,56.18 3 0
github.com/hexiaopi/data-space/internal/service/role.go:21.76,26.2 1 0
github.com/hexiaopi/data-space/internal/service/role.go:31.83,33.2 1 0
github.com/hexiaopi/data-space/internal/service/role.go:38.83,40.2 1 0
github.com/hexiaopi/data-space/internal/service/role.go:45.83,47.2 1 0
github.com/hexiaopi/data-space/internal/service/role.go:55.100,57.2 1 0
github.com/hexiaopi/data-space/internal/service/service.go:20.80,26.2 1 0
github.com/hexiaopi/data-space/internal/service/service.go:28.35,30.2 1 0
github.com/hexiaopi/data-space/internal/service/service.go:32.35,34.2 1 0
github.com/hexiaopi/data-space/internal/service/service.go:36.35,38.2 1 0
github.com/hexiaopi/data-space/internal/service/user.go:28.89,34.2 1 1
github.com/hexiaopi/data-space/internal/service/user.go:45.97,49.16 4 1
github.com/hexiaopi/data-space/internal/service/user.go:49.16,52.3 2 0
github.com/hexiaopi/data-space/internal/service/user.go:53.2,53.17 1 1
github.com/hexiaopi/data-space/internal/service/user.go:53.17,55.3 1 1
github.com/hexiaopi/data-space/internal/service/user.go:56.2,56.61 1 1
github.com/hexiaopi/data-space/internal/service/user.go:56.61,58.3 1 1
github.com/hexiaopi/data-space/internal/service/user.go:59.2,60.16 2 1
github.com/hexiaopi/data-space/internal/service/user.go:60.16,63.3 2 0
github.com/hexiaopi/data-space/internal/service/user.go:64.2,64.48 1 1
github.com/hexiaopi/data-space/internal/service/user.go:71.74,76.16 5 0
github.com/hexiaopi/data-space/internal/service/user.go:76.16,78.3 1 0
github.com/hexiaopi/data-space/internal/service/user.go:79.2,79.17 1 0
github.com/hexiaopi/data-space/internal/service/user.go:79.17,81.3 1 0
github.com/hexiaopi/data-space/internal/service/user.go:82.2,92.16 3 0
github.com/hexiaopi/data-space/internal/service/user.go:92.16,94.3 1 0
github.com/hexiaopi/data-space/internal/service/user.go:95.2,95.18 1 0
github.com/hexiaopi/data-space/internal/service/user.go:95.18,97.3 1 0
github.com/hexiaopi/data-space/internal/service/user.go:98.2,99.29 2 0
github.com/hexiaopi/data-space/internal/service/user.go:99.29,106.3 1 0
github.com/hexiaopi/data-space/internal/service/user.go:107.2,108.18 2 0
github.com/hexiaopi/data-space/internal/service/user.go:116.85,118.2 1 0
github.com/hexiaopi/data-space/internal/service/user.go:123.85,125.2 1 0
github.com/hexiaopi/data-space/internal/service/user.go:131.85,133.2 1 0
github.com/hexiaopi/data-space/internal/service/user.go:141.102,143.2 1 0
github.com/hexiaopi/data-space/internal/store/mock_store.go:27.59,31.2 3 1
github.com/hexiaopi/data-space/internal/store/mock_store.go:34.57,36.2 1 1
github.com/hexiaopi/data-space/internal/store/mock_store.go:39.37,44.2 4 0
github.com/hexiaopi/data-space/internal/store/mock_store.go:47.57,50.2 2 0
github.com/hexiaopi/data-space/internal/store/mock_store.go:53.41,58.2 4 0
github.com/hexiaopi/data-space/internal/store/mock_store.go:61.57,64.2 2 0
github.com/hexiaopi/data-space/internal/store/mock_store.go:67.41,72.2 4 0
github.com/hexiaopi/data-space/internal/store/mock_store.go:75.57,78.2 2 0
github.com/hexiaopi/data-space/internal/store/mock_store.go:81.97,86.2 4 0
github.com/hexiaopi/data-space/internal/store/mock_store.go:89.76,92.2 2 0
github.com/hexiaopi/data-space/internal/store/mock_store.go:95.41,100.2 4 1
github.com/hexiaopi/data-space/internal/store/mock_store.go:103.57,106.2 2 1
github.com/hexiaopi/data-space/internal/store/mock_store.go:120.63,124.2 3 1
github.com/hexiaopi/data-space/internal/store/mock_store.go:127.61,129.2 1 1
github.com/hexiaopi/data-space/internal/store/mock_store.go:132.88,135.25 3 1
github.com/hexiaopi/data-space/internal/store/mock_store.go:135.25,137.3 1 1
github.com/hexiaopi/data-space/internal/store/mock_store.go:138.2,141.19 4 1
github.com/hexiaopi/data-space/internal/store/mock_store.go:145.94,149.2 3 1
github.com/hexiaopi/data-space/internal/store/mock_store.go:163.63,167.2 3 0
github.com/hexiaopi/data-space/internal/store/mock_store.go:170.61,172.2 1 0
github.com/hexiaopi/data-space/internal/store/mock_store.go:175.84,178.25 3 0
github.com/hexiaopi/data-space/internal/store/mock_store.go:178.25,180.3 1 0
github.com/hexiaopi/data-space/internal/store/mock_store.go:181.2,184.19 4 0
github.com/hexiaopi/data-space/internal/store/mock_store.go:188.96,192.2 3 0
github.com/hexiaopi/data-space/internal/store/mock_store.go:195.78,200.2 4 0
github.com/hexiaopi/data-space/internal/store/mock_store.go:203.82,206.2 2 0
github.com/hexiaopi/data-space/internal/store/mock_store.go:209.72,214.2 4 0
github.com/hexiaopi/data-space/internal/store/mock_store.go:217.82,220.2 2 0
github.com/hexiaopi/data-space/internal/store/mock_store.go:223.88,226.25 3 0
github.com/hexiaopi/data-space/internal/store/mock_store.go:226.25,228.3 1 0
github.com/hexiaopi/data-space/internal/store/mock_store.go:229.2,232.19 4 0
github.com/hexiaopi/data-space/internal/store/mock_store.go:236.94,240.2 3 0
github.com/hexiaopi/data-space/internal/store/mock_store.go:243.90,246.25 3 0
github.com/hexiaopi/data-space/internal/store/mock_store.go:246.25,248.3 1 0
github.com/hexiaopi/data-space/internal/store/mock_store.go:249.2,252.19 4 0
github.com/hexiaopi/data-space/internal/store/mock_store.go:256.95,260.2 3 0
github.com/hexiaopi/data-space/internal/store/mock_store.go:263.111,266.25 3 0
github.com/hexiaopi/data-space/internal/store/mock_store.go:266.25,268.3 1 0
github.com/hexiaopi/data-space/internal/store/mock_store.go:269.2,272.19 4 0
github.com/hexiaopi/data-space/internal/store/mock_store.go:276.110,280.2 3 0
github.com/hexiaopi/data-space/internal/store/mock_store.go:283.78,288.2 4 0
github.com/hexiaopi/data-space/internal/store/mock_store.go:291.82,294.2 2 0
github.com/hexiaopi/data-space/internal/store/mock_store.go:308.63,312.2 3 0
github.com/hexiaopi/data-space/internal/store/mock_store.go:315.61,317.2 1 0
github.com/hexiaopi/data-space/internal/store/mock_store.go:320.111,323.25 3 0
github.com/hexiaopi/data-space/internal/store/mock_store.go:323.25,325.3 1 0
github.com/hexiaopi/data-space/internal/store/mock_store.go:326.2,329.19 4 0
github.com/hexiaopi/data-space/internal/store/mock_store.go:333.110,337.2 3 0
github.com/hexiaopi/data-space/internal/store/store.go:22.23,24.2 1 0
github.com/hexiaopi/data-space/internal/store/store.go:26.27,28.2 1 0
github.com/hexiaopi/data-space/pkg/jwt/jwt.go:30.62,36.2 1 1
github.com/hexiaopi/data-space/pkg/jwt/jwt.go:38.81,54.2 6 1
github.com/hexiaopi/data-space/pkg/jwt/jwt.go:56.56,57.104 1 0
github.com/hexiaopi/data-space/pkg/jwt/jwt.go:57.104,59.3 1 0
github.com/hexiaopi/data-space/pkg/jwt/jwt.go:60.2,60.16 1 0
github.com/hexiaopi/data-space/pkg/jwt/jwt.go:60.16,62.3 1 0
github.com/hexiaopi/data-space/pkg/jwt/jwt.go:63.2,63.24 1 0
github.com/hexiaopi/data-space/pkg/jwt/jwt.go:63.24,65.30 2 0
github.com/hexiaopi/data-space/pkg/jwt/jwt.go:65.30,67.4 1 0
github.com/hexiaopi/data-space/pkg/jwt/jwt.go:69.2,69.17 1 0
github.com/hexiaopi/data-space/pkg/retcode/retcode.go:21.42,22.30 1 1
github.com/hexiaopi/data-space/pkg/retcode/retcode.go:22.30,23.68 1 0
github.com/hexiaopi/data-space/pkg/retcode/retcode.go:25.2,26.41 2 1
github.com/hexiaopi/data-space/pkg/retcode/retcode.go:29.35,32.2 2 0
github.com/hexiaopi/data-space/pkg/retcode/retcode.go:34.34,36.2 1 1
github.com/hexiaopi/data-space/pkg/app/app.go:21.34,23.27 2 0
github.com/hexiaopi/data-space/pkg/app/app.go:23.27,25.3 1 0
github.com/hexiaopi/data-space/pkg/app/app.go:26.2,26.10 1 0
github.com/hexiaopi/data-space/pkg/app/app.go:29.50,30.22 1 0
github.com/hexiaopi/data-space/pkg/app/app.go:30.22,32.3 1 0
github.com/hexiaopi/data-space/pkg/app/app.go:35.35,36.22 1 0
github.com/hexiaopi/data-space/pkg/app/app.go:36.22,38.3 1 0
github.com/hexiaopi/data-space/pkg/app/app.go:41.27,53.32 7 0
github.com/hexiaopi/data-space/pkg/app/app.go:53.32,54.30 1 0
github.com/hexiaopi/data-space/pkg/app/app.go:54.30,55.44 1 0
github.com/hexiaopi/data-space/pkg/app/app.go:55.44,57.5 1 0
github.com/hexiaopi/data-space/pkg/app/app.go:61.2,61.9 1 0
github.com/hexiaopi/data-space/pkg/app/app.go:62.17,64.11 2 0
github.com/hexiaopi/data-space/pkg/app/app.go:65.24,67.13 2 0
github.com/hexiaopi/data-space/pkg/app/app.go:69.2,70.12 2 0
github.com/hexiaopi/data-space/pkg/metrics/http.go:14.13,30.2 3 0
github.com/hexiaopi/data-space/pkg/metrics/retcode.go:10.13,15.2 1 0
github.com/hexiaopi/data-space/pkg/retcode/retcode.go:21.42,22.30 1 0
github.com/hexiaopi/data-space/pkg/retcode/retcode.go:22.30,23.68 1 0
github.com/hexiaopi/data-space/pkg/retcode/retcode.go:25.2,26.41 2 0
github.com/hexiaopi/data-space/pkg/retcode/retcode.go:29.35,32.2 2 0
github.com/hexiaopi/data-space/pkg/retcode/retcode.go:34.34,36.2 1 0
github.com/hexiaopi/data-space/pkg/jwt/jwt.go:30.62,36.2 1 0
github.com/hexiaopi/data-space/pkg/jwt/jwt.go:38.81,54.2 6 0
github.com/hexiaopi/data-space/pkg/jwt/jwt.go:56.56,57.104 1 0
github.com/hexiaopi/data-space/pkg/jwt/jwt.go:57.104,59.3 1 0
github.com/hexiaopi/data-space/pkg/jwt/jwt.go:60.2,60.16 1 0
github.com/hexiaopi/data-space/pkg/jwt/jwt.go:60.16,62.3 1 0
github.com/hexiaopi/data-space/pkg/jwt/jwt.go:63.2,63.24 1 0
github.com/hexiaopi/data-space/pkg/jwt/jwt.go:63.24,65.30 2 0
github.com/hexiaopi/data-space/pkg/jwt/jwt.go:65.30,67.4 1 0
github.com/hexiaopi/data-space/pkg/jwt/jwt.go:69.2,69.17 1 0
github.com/hexiaopi/data-space/pkg/mysql/mysql.go:26.42,40.16 3 0
github.com/hexiaopi/data-space/pkg/mysql/mysql.go:40.16,42.3 1 0
github.com/hexiaopi/data-space/pkg/mysql/mysql.go:44.2,45.16 2 0
github.com/hexiaopi/data-space/pkg/mysql/mysql.go:45.16,47.3 1 0
github.com/hexiaopi/data-space/pkg/mysql/mysql.go:49.2,62.16 4 0
github.com/hexiaopi/data-space/pkg/server/http/http.go:22.62,26.27 2 0
github.com/hexiaopi/data-space/pkg/server/http/http.go:26.27,28.3 1 0
github.com/hexiaopi/data-space/pkg/server/http/http.go:29.2,29.10 1 0
github.com/hexiaopi/data-space/pkg/server/http/http.go:31.41,32.25 1 0
github.com/hexiaopi/data-space/pkg/server/http/http.go:32.25,34.3 1 0
github.com/hexiaopi/data-space/pkg/server/http/http.go:36.38,37.25 1 0
github.com/hexiaopi/data-space/pkg/server/http/http.go:37.25,39.3 1 0
github.com/hexiaopi/data-space/pkg/server/http/http.go:42.51,48.91 3 0
github.com/hexiaopi/data-space/pkg/server/http/http.go:48.91,51.3 2 0
github.com/hexiaopi/data-space/pkg/server/http/http.go:52.2,52.12 1 0
github.com/hexiaopi/data-space/pkg/server/http/http.go:55.31,59.47 4 0
github.com/hexiaopi/data-space/pkg/server/http/http.go:59.47,61.3 1 0
github.com/hexiaopi/data-space/pkg/server/http/http.go:62.2,63.12 2 0
github.com/hexiaopi/data-space/pkg/server/http/http.go:66.69,69.12 3 0
github.com/hexiaopi/data-space/pkg/server/http/http.go:69.12,70.38 1 0
github.com/hexiaopi/data-space/pkg/server/http/http.go:70.38,72.4 1 0
github.com/hexiaopi/data-space/pkg/server/http/http.go:74.2,74.9 1 0
github.com/hexiaopi/data-space/pkg/server/http/http.go:75.20,77.13 2 0
github.com/hexiaopi/data-space/pkg/server/http/http.go:78.24,79.13 1 0
github.com/hexiaopi/data-space/pkg/logger/zap/zap.go:32.13,34.2 1 0
github.com/hexiaopi/data-space/pkg/logger/zap/zap.go:36.35,39.29 3 0
github.com/hexiaopi/data-space/pkg/logger/zap/zap.go:40.15,41.25 1 0
github.com/hexiaopi/data-space/pkg/logger/zap/zap.go:42.14,43.24 1 0
github.com/hexiaopi/data-space/pkg/logger/zap/zap.go:44.14,45.24 1 0
github.com/hexiaopi/data-space/pkg/logger/zap/zap.go:46.15,47.25 1 0
github.com/hexiaopi/data-space/pkg/logger/zap/zap.go:48.10,49.24 1 0
github.com/hexiaopi/data-space/pkg/logger/zap/zap.go:51.2,60.32 3 0
github.com/hexiaopi/data-space/pkg/logger/zap/zap.go:60.32,74.3 1 0
github.com/hexiaopi/data-space/pkg/logger/zap/zap.go:74.8,89.3 1 0
github.com/hexiaopi/data-space/pkg/logger/zap/zap.go:90.2,95.24 2 0
github.com/hexiaopi/data-space/pkg/logger/zap/zap.go:95.24,97.3 1 0
github.com/hexiaopi/data-space/pkg/logger/zap/zap.go:98.2,98.108 1 0
github.com/hexiaopi/data-space/pkg/logger/zap/zap.go:101.66,104.2 1 0
github.com/hexiaopi/data-space/pkg/logger/zap/zap.go:129.60,131.2 1 0
github.com/hexiaopi/data-space/pkg/logger/zap/zap.go:133.64,135.2 1 0
github.com/hexiaopi/data-space/pkg/logger/zap/zap.go:137.59,139.2 1 0
github.com/hexiaopi/data-space/pkg/logger/zap/zap.go:141.63,143.2 1 0
github.com/hexiaopi/data-space/pkg/logger/zap/zap.go:145.59,147.2 1 0
github.com/hexiaopi/data-space/pkg/logger/zap/zap.go:149.63,151.2 1 0
github.com/hexiaopi/data-space/pkg/logger/zap/zap.go:153.60,155.2 1 0
github.com/hexiaopi/data-space/pkg/logger/zap/zap.go:157.64,159.2 1 0
github.com/hexiaopi/data-space/pkg/logger/zap/zap.go:161.60,163.2 1 0
github.com/hexiaopi/data-space/pkg/logger/zap/zap.go:165.64,167.2 1 0
github.com/hexiaopi/data-space/pkg/logger/zap/zap.go:169.60,171.2 1 0
github.com/hexiaopi/data-space/pkg/logger/zap/zap.go:173.64,175.2 1 0
github.com/hexiaopi/data-space/pkg/auth/auth.go:6.45,9.2 2 1
github.com/hexiaopi/data-space/pkg/auth/auth.go:12.53,14.2 1 1
github.com/hexiaopi/data-space/internal/model/menu.go:20.32,22.2 1 0
github.com/hexiaopi/data-space/internal/model/role.go:13.32,15.2 1 0
github.com/hexiaopi/data-space/internal/model/user.go:19.32,21.2 1 1
github.com/hexiaopi/data-space/internal/model/user.go:23.40,25.16 2 0
github.com/hexiaopi/data-space/internal/model/user.go:25.16,27.3 1 0
github.com/hexiaopi/data-space/internal/model/user.go:28.2,29.12 2 0
github.com/hexiaopi/data-space/internal/model/user.go:32.55,34.2 1 0
github.com/hexiaopi/data-space/internal/model/user_role.go:12.36,14.2 1 0
github.com/hexiaopi/data-space/internal/store/mock_store.go:27.59,31.2 3 0
github.com/hexiaopi/data-space/internal/store/mock_store.go:34.57,36.2 1 0
github.com/hexiaopi/data-space/internal/store/mock_store.go:39.37,44.2 4 0
github.com/hexiaopi/data-space/internal/store/mock_store.go:47.57,50.2 2 0
github.com/hexiaopi/data-space/internal/store/mock_store.go:53.41,58.2 4 0
github.com/hexiaopi/data-space/internal/store/mock_store.go:61.57,64.2 2 0
github.com/hexiaopi/data-space/internal/store/mock_store.go:67.41,72.2 4 0
github.com/hexiaopi/data-space/internal/store/mock_store.go:75.57,78.2 2 0
github.com/hexiaopi/data-space/internal/store/mock_store.go:81.97,86.2 4 0
github.com/hexiaopi/data-space/internal/store/mock_store.go:89.76,92.2 2 0
github.com/hexiaopi/data-space/internal/store/mock_store.go:95.41,100.2 4 0
github.com/hexiaopi/data-space/internal/store/mock_store.go:103.57,106.2 2 0
github.com/hexiaopi/data-space/internal/store/mock_store.go:120.63,124.2 3 0
github.com/hexiaopi/data-space/internal/store/mock_store.go:127.61,129.2 1 0
github.com/hexiaopi/data-space/internal/store/mock_store.go:132.88,135.25 3 0
github.com/hexiaopi/data-space/internal/store/mock_store.go:135.25,137.3 1 0
github.com/hexiaopi/data-space/internal/store/mock_store.go:138.2,141.19 4 0
github.com/hexiaopi/data-space/internal/store/mock_store.go:145.94,149.2 3 0
github.com/hexiaopi/data-space/internal/store/mock_store.go:163.63,167.2 3 0
github.com/hexiaopi/data-space/internal/store/mock_store.go:170.61,172.2 1 0
github.com/hexiaopi/data-space/internal/store/mock_store.go:175.84,178.25 3 0
github.com/hexiaopi/data-space/internal/store/mock_store.go:178.25,180.3 1 0
github.com/hexiaopi/data-space/internal/store/mock_store.go:181.2,184.19 4 0
github.com/hexiaopi/data-space/internal/store/mock_store.go:188.96,192.2 3 0
github.com/hexiaopi/data-space/internal/store/mock_store.go:195.78,200.2 4 0
github.com/hexiaopi/data-space/internal/store/mock_store.go:203.82,206.2 2 0
github.com/hexiaopi/data-space/internal/store/mock_store.go:209.72,214.2 4 0
github.com/hexiaopi/data-space/internal/store/mock_store.go:217.82,220.2 2 0
github.com/hexiaopi/data-space/internal/store/mock_store.go:223.88,226.25 3 0
github.com/hexiaopi/data-space/internal/store/mock_store.go:226.25,228.3 1 0
github.com/hexiaopi/data-space/internal/store/mock_store.go:229.2,232.19 4 0
github.com/hexiaopi/data-space/internal/store/mock_store.go:236.94,240.2 3 0
github.com/hexiaopi/data-space/internal/store/mock_store.go:243.90,246.25 3 0
github.com/hexiaopi/data-space/internal/store/mock_store.go:246.25,248.3 1 0
github.com/hexiaopi/data-space/internal/store/mock_store.go:249.2,252.19 4 0
github.com/hexiaopi/data-space/internal/store/mock_store.go:256.95,260.2 3 0
github.com/hexiaopi/data-space/internal/store/mock_store.go:263.111,266.25 3 0
github.com/hexiaopi/data-space/internal/store/mock_store.go:266.25,268.3 1 0
github.com/hexiaopi/data-space/internal/store/mock_store.go:269.2,272.19 4 0
github.com/hexiaopi/data-space/internal/store/mock_store.go:276.110,280.2 3 0
github.com/hexiaopi/data-space/internal/store/mock_store.go:283.78,288.2 4 0
github.com/hexiaopi/data-space/internal/store/mock_store.go:291.82,294.2 2 0
github.com/hexiaopi/data-space/internal/store/mock_store.go:308.63,312.2 3 0
github.com/hexiaopi/data-space/internal/store/mock_store.go:315.61,317.2 1 0
github.com/hexiaopi/data-space/internal/store/mock_store.go:320.111,323.25 3 0
github.com/hexiaopi/data-space/internal/store/mock_store.go:323.25,325.3 1 0
github.com/hexiaopi/data-space/internal/store/mock_store.go:326.2,329.19 4 0
github.com/hexiaopi/data-space/internal/store/mock_store.go:333.110,337.2 3 0
github.com/hexiaopi/data-space/internal/store/store.go:22.23,24.2 1 0
github.com/hexiaopi/data-space/internal/store/store.go:26.27,28.2 1 0
github.com/hexiaopi/data-space/internal/store/mysql/com.go:15.37,19.2 1 0
github.com/hexiaopi/data-space/internal/store/mysql/com.go:21.100,23.33 2 1
github.com/hexiaopi/data-space/internal/store/mysql/com.go:23.33,25.3 1 1
github.com/hexiaopi/data-space/internal/store/mysql/com.go:26.2,27.35 2 1
github.com/hexiaopi/data-space/internal/store/mysql/com.go:27.35,29.3 1 0
github.com/hexiaopi/data-space/internal/store/mysql/com.go:30.2,30.16 1 1
github.com/hexiaopi/data-space/internal/store/mysql/com.go:30.16,32.3 1 0
github.com/hexiaopi/data-space/internal/store/mysql/com.go:33.2,33.12 1 1
github.com/hexiaopi/data-space/internal/store/mysql/com.go:36.70,38.2 1 1
github.com/hexiaopi/data-space/internal/store/mysql/com.go:40.70,42.2 1 1
github.com/hexiaopi/data-space/internal/store/mysql/com.go:44.70,46.2 1 1
github.com/hexiaopi/data-space/internal/store/mysql/com.go:48.101,50.33 2 1
github.com/hexiaopi/data-space/internal/store/mysql/com.go:50.33,52.3 1 1
github.com/hexiaopi/data-space/internal/store/mysql/com.go:53.2,53.45 1 1
github.com/hexiaopi/data-space/internal/store/mysql/com.go:53.45,55.3 1 0
github.com/hexiaopi/data-space/internal/store/mysql/com.go:56.2,56.12 1 1
github.com/hexiaopi/data-space/internal/store/mysql/dao.go:16.37,18.2 1 0
github.com/hexiaopi/data-space/internal/store/mysql/dao.go:20.68,21.68 1 0
github.com/hexiaopi/data-space/internal/store/mysql/dao.go:21.68,24.3 2 0
github.com/hexiaopi/data-space/internal/store/mysql/dao.go:27.36,29.16 2 0
github.com/hexiaopi/data-space/internal/store/mysql/dao.go:29.16,31.3 1 0
github.com/hexiaopi/data-space/internal/store/mysql/dao.go:32.2,32.15 1 0
github.com/hexiaopi/data-space/internal/store/mysql/dao.go:32.15,34.3 1 0
github.com/hexiaopi/data-space/internal/store/mysql/dao.go:35.2,35.19 1 0
github.com/hexiaopi/data-space/internal/store/mysql/dao.go:38.46,40.2 1 0
github.com/hexiaopi/data-space/internal/store/mysql/dao.go:42.46,44.2 1 0
github.com/hexiaopi/data-space/internal/store/mysql/dao.go:46.46,48.2 1 0
github.com/hexiaopi/data-space/internal/store/mysql/menu.go:16.39,18.2 1 0
github.com/hexiaopi/data-space/internal/store/mysql/menu.go:20.92,23.33 3 0
github.com/hexiaopi/data-space/internal/store/mysql/menu.go:23.33,25.3 1 0
github.com/hexiaopi/data-space/internal/store/mysql/menu.go:26.2,26.49 1 0
github.com/hexiaopi/data-space/internal/store/mysql/menu.go:26.49,28.3 1 0
github.com/hexiaopi/data-space/internal/store/mysql/menu.go:29.2,29.19 1 0
github.com/hexiaopi/data-space/internal/store/mysql/menu.go:32.73,34.2 1 0
github.com/hexiaopi/data-space/internal/store/mysql/menu.go:36.73,38.2 1 0
github.com/hexiaopi/data-space/internal/store/mysql/menu.go:40.65,43.2 2 0
github.com/hexiaopi/data-space/internal/store/mysql/menu.go:45.94,48.33 3 0
github.com/hexiaopi/data-space/internal/store/mysql/menu.go:48.33,50.3 1 0
github.com/hexiaopi/data-space/internal/store/mysql/menu.go:51.2,51.49 1 0
github.com/hexiaopi/data-space/internal/store/mysql/menu.go:51.49,53.3 1 0
github.com/hexiaopi/data-space/internal/store/mysql/menu.go:54.2,54.19 1 0
github.com/hexiaopi/data-space/internal/store/mysql/menu.go:57.88,60.33 3 0
github.com/hexiaopi/data-space/internal/store/mysql/menu.go:60.33,62.3 1 0
github.com/hexiaopi/data-space/internal/store/mysql/menu.go:63.2,63.50 1 0
github.com/hexiaopi/data-space/internal/store/mysql/menu.go:63.50,65.3 1 0
github.com/hexiaopi/data-space/internal/store/mysql/menu.go:66.2,66.19 1 0
github.com/hexiaopi/data-space/internal/store/mysql/menu.go:69.117,76.33 3 0
github.com/hexiaopi/data-space/internal/store/mysql/menu.go:76.33,78.3 1 0
github.com/hexiaopi/data-space/internal/store/mysql/menu.go:79.2,79.49 1 0
github.com/hexiaopi/data-space/internal/store/mysql/menu.go:79.49,81.3 1 0
github.com/hexiaopi/data-space/internal/store/mysql/menu.go:82.2,82.19 1 0
github.com/hexiaopi/data-space/internal/store/mysql/option.go:9.31,12.2 2 1
github.com/hexiaopi/data-space/internal/store/mysql/option.go:16.45,17.26 1 1
github.com/hexiaopi/data-space/internal/store/mysql/option.go:17.26,19.3 1 1
github.com/hexiaopi/data-space/internal/store/mysql/option.go:22.62,24.2 1 0
github.com/hexiaopi/data-space/internal/store/mysql/option.go:26.43,27.27 1 1
github.com/hexiaopi/data-space/internal/store/mysql/option.go:27.27,29.3 1 1
github.com/hexiaopi/data-space/internal/store/mysql/option.go:32.60,34.2 1 1
github.com/hexiaopi/data-space/internal/store/mysql/option.go:36.30,37.27 1 1
github.com/hexiaopi/data-space/internal/store/mysql/option.go:37.27,39.3 1 1
github.com/hexiaopi/data-space/internal/store/mysql/option.go:42.47,44.2 1 1
github.com/hexiaopi/data-space/internal/store/mysql/option.go:46.36,47.27 1 0
github.com/hexiaopi/data-space/internal/store/mysql/option.go:47.27,49.3 1 0
github.com/hexiaopi/data-space/internal/store/mysql/option.go:52.53,54.2 1 0
github.com/hexiaopi/data-space/internal/store/mysql/role.go:15.39,17.2 1 0
github.com/hexiaopi/data-space/internal/store/mysql/role.go:19.92,22.33 3 0
github.com/hexiaopi/data-space/internal/store/mysql/role.go:22.33,24.3 1 0
github.com/hexiaopi/data-space/internal/store/mysql/role.go:25.2,25.49 1 0
github.com/hexiaopi/data-space/internal/store/mysql/role.go:25.49,27.3 1 0
github.com/hexiaopi/data-space/internal/store/mysql/role.go:28.2,28.19 1 0
github.com/hexiaopi/data-space/internal/store/mysql/role.go:31.73,33.2 1 0
github.com/hexiaopi/data-space/internal/store/mysql/role.go:35.73,37.2 1 0
github.com/hexiaopi/data-space/internal/store/mysql/role.go:39.65,42.2 2 0
github.com/hexiaopi/data-space/internal/store/mysql/role.go:44.94,47.33 3 0
github.com/hexiaopi/data-space/internal/store/mysql/role.go:47.33,49.3 1 0
github.com/hexiaopi/data-space/internal/store/mysql/role.go:50.2,50.49 1 0
github.com/hexiaopi/data-space/internal/store/mysql/role.go:50.49,52.3 1 0
github.com/hexiaopi/data-space/internal/store/mysql/role.go:53.2,53.19 1 0
github.com/hexiaopi/data-space/internal/store/mysql/role.go:56.88,59.33 3 0
github.com/hexiaopi/data-space/internal/store/mysql/role.go:59.33,61.3 1 0
github.com/hexiaopi/data-space/internal/store/mysql/role.go:62.2,62.50 1 0
github.com/hexiaopi/data-space/internal/store/mysql/role.go:62.50,64.3 1 0
github.com/hexiaopi/data-space/internal/store/mysql/role.go:65.2,65.19 1 0
github.com/hexiaopi/data-space/internal/store/mysql/role.go:68.117,74.33 3 0
github.com/hexiaopi/data-space/internal/store/mysql/role.go:74.33,76.3 1 0
github.com/hexiaopi/data-space/internal/store/mysql/role.go:77.2,77.49 1 0
github.com/hexiaopi/data-space/internal/store/mysql/role.go:77.49,79.3 1 0
github.com/hexiaopi/data-space/internal/store/mysql/role.go:80.2,80.19 1 0
github.com/hexiaopi/data-space/internal/store/mysql/user.go:17.39,19.2 1 1
github.com/hexiaopi/data-space/internal/store/mysql/user.go:21.92,24.33 3 1
github.com/hexiaopi/data-space/internal/store/mysql/user.go:24.33,26.3 1 1
github.com/hexiaopi/data-space/internal/store/mysql/user.go:27.2,27.49 1 1
github.com/hexiaopi/data-space/internal/store/mysql/user.go:27.49,29.3 1 0
github.com/hexiaopi/data-space/internal/store/mysql/user.go:30.2,30.19 1 1
github.com/hexiaopi/data-space/internal/store/mysql/user.go:33.73,34.17 1 1
github.com/hexiaopi/data-space/internal/store/mysql/user.go:34.17,36.3 1 0
github.com/hexiaopi/data-space/internal/store/mysql/user.go:37.2,40.51 4 1
github.com/hexiaopi/data-space/internal/store/mysql/user.go:43.73,45.2 1 0
github.com/hexiaopi/data-space/internal/store/mysql/user.go:47.65,50.2 2 0
github.com/hexiaopi/data-space/internal/store/mysql/user.go:52.94,55.33 3 0
github.com/hexiaopi/data-space/internal/store/mysql/user.go:55.33,57.3 1 0
github.com/hexiaopi/data-space/internal/store/mysql/user.go:58.2,58.49 1 0
github.com/hexiaopi/data-space/internal/store/mysql/user.go:58.49,60.3 1 0
github.com/hexiaopi/data-space/internal/store/mysql/user.go:61.2,61.19 1 0
github.com/hexiaopi/data-space/internal/store/mysql/user.go:64.88,67.33 3 0
github.com/hexiaopi/data-space/internal/store/mysql/user.go:67.33,69.3 1 0
github.com/hexiaopi/data-space/internal/store/mysql/user.go:70.2,70.50 1 0
github.com/hexiaopi/data-space/internal/store/mysql/user.go:70.50,72.3 1 0
github.com/hexiaopi/data-space/internal/store/mysql/user.go:73.2,73.19 1 0
github.com/hexiaopi/data-space/pkg/mysql/mysql.go:26.42,40.16 3 1
github.com/hexiaopi/data-space/pkg/mysql/mysql.go:40.16,42.3 1 0
github.com/hexiaopi/data-space/pkg/mysql/mysql.go:44.2,45.16 2 1
github.com/hexiaopi/data-space/pkg/mysql/mysql.go:45.16,47.3 1 0
github.com/hexiaopi/data-space/pkg/mysql/mysql.go:49.2,62.16 4 1
